  d3dApp.cpp
  Aircraft.cpp
D:\T163-Term6\Hooman-Engine\Assignment2\GameEngineDevelopment2_Assignment1\GameEngineDevelopment2_Assignment1\Aircraft.cpp(46,62): warning C4267: '=': conversion from 'size_t' to 'UINT', possible loss of data
  Command.cpp
  CommandQueue.cpp
  Entity.cpp
  Game.cpp
D:\T163-Term6\Hooman-Engine\Assignment2\GameEngineDevelopment2_Assignment1\GameEngineDevelopment2_Assignment1\Game.cpp(30,23): warning C4305: 'argument': truncation from 'double' to 'float'
D:\T163-Term6\Hooman-Engine\Assignment2\GameEngineDevelopment2_Assignment1\GameEngineDevelopment2_Assignment1\Game.cpp(353,60): warning C4305: 'argument': truncation from 'double' to 'float'
  Player.cpp
  SceneNode.cpp
  SpriteNode.cpp
D:\T163-Term6\Hooman-Engine\Assignment2\GameEngineDevelopment2_Assignment1\GameEngineDevelopment2_Assignment1\SpriteNode.cpp(30,62): warning C4267: '=': conversion from 'size_t' to 'UINT', possible loss of data
  World.cpp
D:\T163-Term6\Hooman-Engine\Assignment2\GameEngineDevelopment2_Assignment1\GameEngineDevelopment2_Assignment1\World.cpp(70,43): warning C4305: 'argument': truncation from 'double' to 'float'
D:\T163-Term6\Hooman-Engine\Assignment2\GameEngineDevelopment2_Assignment1\GameEngineDevelopment2_Assignment1\World.cpp(72,41): warning C4305: 'argument': truncation from 'double' to 'float'
D:\T163-Term6\Hooman-Engine\Assignment2\GameEngineDevelopment2_Assignment1\GameEngineDevelopment2_Assignment1\World.cpp(79,36): warning C4305: 'argument': truncation from 'double' to 'float'
D:\T163-Term6\Hooman-Engine\Assignment2\GameEngineDevelopment2_Assignment1\GameEngineDevelopment2_Assignment1\World.cpp(85,38): warning C4305: 'argument': truncation from 'double' to 'float'
  main.cpp
  Generating Code...
  GameEngineDevelopment2_Assignment1.vcxproj -> D:\T163-Term6\Hooman-Engine\Assignment2\GameEngineDevelopment2_Assignment1\x64\Debug\GameEngineDevelopment2_Assignment1.exe
